# JRE version: OpenJDK Runtime Environment AdoptOpenJDK-11.0.11+9 (11.0.11+9) (build 11.0.11+9)
# Java VM: OpenJDK 64-Bit Server VM AdoptOpenJDK-11.0.11+9 (11.0.11+9, mixed mode, tiered, compressed oops, g1 gc, bsd-amd64)
Heap:
 garbage-first heap   total 275456K, used 41038K [0x0000000700000000, 0x0000000800000000)
  region size 1024K, 2 young (2048K), 1 survivors (1024K)
 Metaspace       used 73770K, capacity 76051K, committed 79104K, reserved 1118208K
  class space    used 9264K, capacity 10139K, committed 10752K, reserved 1048576K
GC Heap History (20 events):
Event: 8658.303 GC heap before
{Heap before GC invocations=170 (full 6):
 garbage-first heap   total 275456K, used 204103K [0x0000000700000000, 0x0000000800000000)
  region size 1024K, 161 young (164864K), 2 survivors (2048K)
 Metaspace       used 73822K, capacity 76077K, committed 79104K, reserved 1118208K
  class space    used 9276K, capacity 10162K, committed 10752K, reserved 1048576K
}
Event: 8658.308 GC heap after
{Heap after GC invocations=171 (full 6):
 garbage-first heap   total 275456K, used 41111K [0x0000000700000000, 0x0000000800000000)
  region size 1024K, 2 young (2048K), 2 survivors (2048K)
 Metaspace       used 73822K, capacity 76077K, committed 79104K, reserved 1118208K
  class space    used 9276K, capacity 10162K, committed 10752K, reserved 1048576K
}
Event: 9634.191 GC heap before
{Heap before GC invocations=171 (full 6):
 garbage-first heap   total 275456K, used 203927K [0x0000000700000000, 0x0000000800000000)
  region size 1024K, 161 young (164864K), 2 survivors (2048K)
 Metaspace       used 73822K, capacity 76077K, committed 79104K, reserved 1118208K
  class space    used 9276K, capacity 10162K, committed 10752K, reserved 1048576K
}
Event: 9634.197 GC heap after
{Heap after GC invocations=172 (full 6):
 garbage-first heap   total 275456K, used 41274K [0x0000000700000000, 0x0000000800000000)
  region size 1024K, 2 young (2048K), 2 survivors (2048K)
 Metaspace       used 73822K, capacity 76077K, committed 79104K, reserved 1118208K
  class space    used 9276K, capacity 10162K, committed 10752K, reserved 1048576K
}
Event: 10783.062 GC heap before
{Heap before GC invocations=173 (full 6):
 garbage-first heap   total 275456K, used 204090K [0x0000000700000000, 0x0000000800000000)
  region size 1024K, 161 young (164864K), 2 survivors (2048K)
 Metaspace       used 73822K, capacity 76077K, committed 79104K, reserved 1118208K
  class space    used 9276K, capacity 10162K, committed 10752K, reserved 1048576K
}
Event: 10783.065 GC heap after
{Heap after GC invocations=174 (full 6):
 garbage-first heap   total 275456K, used 40985K [0x0000000700000000, 0x0000000800000000)
  region size 1024K, 2 young (2048K), 2 survivors (2048K)
 Metaspace       used 73822K, capacity 76077K, committed 79104K, reserved 1118208K
  class space    used 9276K, capacity 10162K, committed 10752K, reserved 1048576K
}
Event: 11757.346 GC heap before
{Heap before GC invocations=174 (full 6):
 garbage-first heap   total 275456K, used 203801K [0x0000000700000000, 0x0000000800000000)
  region size 1024K, 161 young (164864K), 2 survivors (2048K)
 Metaspace       used 73822K, capacity 76077K, committed 79104K, reserved 1118208K
  class space    used 9276K, capacity 10162K, committed 10752K, reserved 1048576K
}
Event: 11757.350 GC heap after
{Heap after GC invocations=175 (full 6):
 garbage-first heap   total 275456K, used 41180K [0x0000000700000000, 0x0000000800000000)
  region size 1024K, 2 young (2048K), 2 survivors (2048K)
 Metaspace       used 73822K, capacity 76077K, committed 79104K, reserved 1118208K
  class space    used 9276K, capacity 10162K, committed 10752K, reserved 1048576K
}
Event: 12885.446 GC heap before
{Heap before GC invocations=176 (full 6):
 garbage-first heap   total 275456K, used 203996K [0x0000000700000000, 0x0000000800000000)
  region size 1024K, 161 young (164864K), 2 survivors (2048K)
 Metaspace       used 73822K, capacity 76077K, committed 79104K, reserved 1118208K
  class space    used 9276K, capacity 10162K, committed 10752K, reserved 1048576K
}
Event: 12885.450 GC heap after
{Heap after GC invocations=177 (full 6):
 garbage-first heap   total 275456K, used 41031K [0x0000000700000000, 0x0000000800000000)
  region size 1024K, 2 young (2048K), 2 survivors (2048K)
 Metaspace       used 73822K, capacity 76077K, committed 79104K, reserved 1118208K
  class space    used 9276K, capacity 10162K, committed 10752K, reserved 1048576K
}
Event: 13882.708 GC heap before
{Heap before GC invocations=177 (full 6):
 garbage-first heap   total 275456K, used 203847K [0x0000000700000000, 0x0000000800000000)
  region size 1024K, 161 young (164864K), 2 survivors (2048K)
 Metaspace       used 73822K, capacity 76077K, committed 79104K, reserved 1118208K
  class space    used 9276K, capacity 10162K, committed 10752K, reserved 1048576K
}
Event: 13882.716 GC heap after
{Heap after GC invocations=178 (full 6):
 garbage-first heap   total 275456K, used 41209K [0x0000000700000000, 0x0000000800000000)
  region size 1024K, 2 young (2048K), 2 survivors (2048K)
 Metaspace       used 73822K, capacity 76077K, committed 79104K, reserved 1118208K
  class space    used 9276K, capacity 10162K, committed 10752K, reserved 1048576K
}
Event: 14867.486 GC heap before
{Heap before GC invocations=179 (full 6):
 garbage-first heap   total 275456K, used 204025K [0x0000000700000000, 0x0000000800000000)
  region size 1024K, 161 young (164864K), 2 survivors (2048K)
 Metaspace       used 73823K, capacity 76077K, committed 79104K, reserved 1118208K
  class space    used 9276K, capacity 10162K, committed 10752K, reserved 1048576K
}
Event: 14867.491 GC heap after
{Heap after GC invocations=180 (full 6):
 garbage-first heap   total 275456K, used 41415K [0x0000000700000000, 0x0000000800000000)
  region size 1024K, 2 young (2048K), 2 survivors (2048K)
 Metaspace       used 73823K, capacity 76077K, committed 79104K, reserved 1118208K
  class space    used 9276K, capacity 10162K, committed 10752K, reserved 1048576K
}
Event: 16013.557 GC heap before
{Heap before GC invocations=180 (full 6):
 garbage-first heap   total 275456K, used 204231K [0x0000000700000000, 0x0000000800000000)
  region size 1024K, 161 young (164864K), 2 survivors (2048K)
 Metaspace       used 73823K, capacity 76077K, committed 79104K, reserved 1118208K
  class space    used 9276K, capacity 10162K, committed 10752K, reserved 1048576K
}
Event: 16013.564 GC heap after
{Heap after GC invocations=181 (full 6):
 garbage-first heap   total 275456K, used 40991K [0x0000000700000000, 0x0000000800000000)
  region size 1024K, 1 young (1024K), 1 survivors (1024K)
 Metaspace       used 73823K, capacity 76077K, committed 79104K, reserved 1118208K
  class space    used 9276K, capacity 10162K, committed 10752K, reserved 1048576K
}
Event: 16999.451 GC heap before
{Heap before GC invocations=182 (full 6):
 garbage-first heap   total 275456K, used 204831K [0x0000000700000000, 0x0000000800000000)
  region size 1024K, 161 young (164864K), 1 survivors (1024K)
 Metaspace       used 73770K, capacity 76051K, committed 79104K, reserved 1118208K
  class space    used 9264K, capacity 10139K, committed 10752K, reserved 1048576K
}
Event: 16999.456 GC heap after
{Heap after GC invocations=183 (full 6):
 garbage-first heap   total 275456K, used 41157K [0x0000000700000000, 0x0000000800000000)
  region size 1024K, 1 young (1024K), 1 survivors (1024K)
 Metaspace       used 73770K, capacity 76051K, committed 79104K, reserved 1118208K
  class space    used 9264K, capacity 10139K, committed 10752K, reserved 1048576K
}
Event: 18153.507 GC heap before
{Heap before GC invocations=183 (full 6):
 garbage-first heap   total 275456K, used 204997K [0x0000000700000000, 0x0000000800000000)
  region size 1024K, 161 young (164864K), 1 survivors (1024K)
 Metaspace       used 73770K, capacity 76051K, committed 79104K, reserved 1118208K
  class space    used 9264K, capacity 10139K, committed 10752K, reserved 1048576K
}
Event: 18153.510 GC heap after
{Heap after GC invocations=184 (full 6):
 garbage-first heap   total 275456K, used 41038K [0x0000000700000000, 0x0000000800000000)
  region size 1024K, 1 young (1024K), 1 survivors (1024K)
 Metaspace       used 73770K, capacity 76051K, committed 79104K, reserved 1118208K
  class space    used 9264K, capacity 10139K, committed 10752K, reserved 1048576K
}

